<?xml version="1.0" encoding="UTF-8"?>
<testng-results ignored="0" total="2" passed="2" failed="0" skipped="0">
  <reporter-output>
  </reporter-output>
  <suite started-at="2024-05-23T19:48:29Z" name="Suite" finished-at="2024-05-23T19:48:49Z" duration-ms="19932">
    <groups>
    </groups>
    <test started-at="2024-05-23T19:48:29Z" name="Test" finished-at="2024-05-23T19:48:49Z" duration-ms="19932">
      <class name="testCases.ExecuteTestZaleniumFirefox1">
        <test-method signature="test1()[pri:0, instance:testCases.ExecuteTestZaleniumFirefox1@4681c175]" started-at="2024-05-23T20:48:29Z" name="test1" finished-at="2024-05-23T20:48:47Z" duration-ms="18258" status="PASS">
          <reporter-output>
          </reporter-output>
        </test-method> <!-- test1 -->
      </class> <!-- testCases.ExecuteTestZaleniumFirefox1 -->
      <class name="testCases.ExecuteTestZaleniumFirefox2">
        <test-method signature="test2()[pri:0, instance:testCases.ExecuteTestZaleniumFirefox2@2767e23c]" started-at="2024-05-23T20:48:29Z" name="test2" finished-at="2024-05-23T20:48:49Z" duration-ms="19912" status="PASS">
          <reporter-output>
          </reporter-output>
        </test-method> <!-- test2 -->
      </class> <!-- testCases.ExecuteTestZaleniumFirefox2 -->
    </test> <!-- Test -->
  </suite> <!-- Suite -->
</testng-results>
